# JRE version: OpenJDK Runtime Environment (11.0.12+7) (build 11.0.12+7-b1504.28-7817840)
# Java VM: OpenJDK 64-Bit Server VM (11.0.12+7-b1504.28-7817840, mixed mode, tiered, compressed oops, g1 gc, windows-amd64)
Heap:
 garbage-first heap   total 227328K, used 165388K [0x0000000080000000, 0x0000000100000000)
  region size 1024K, 36 young (36864K), 2 survivors (2048K)
 Metaspace       used 126214K, capacity 129580K, committed 129868K, reserved 1163264K
  class space    used 15462K, capacity 16682K, committed 16792K, reserved 1048576K
GC Heap History (20 events):
Event: 918.449 GC heap before
{Heap before GC invocations=94 (full 0):
 garbage-first heap   total 227328K, used 158492K [0x0000000080000000, 0x0000000100000000)
  region size 1024K, 11 young (11264K), 2 survivors (2048K)
 Metaspace       used 120251K, capacity 123562K, committed 123724K, reserved 1157120K
  class space    used 14781K, capacity 15958K, committed 16024K, reserved 1048576K
}
Event: 918.453 GC heap after
{Heap after GC invocations=95 (full 0):
 garbage-first heap   total 227328K, used 148760K [0x0000000080000000, 0x0000000100000000)
  region size 1024K, 2 young (2048K), 2 survivors (2048K)
 Metaspace       used 120251K, capacity 123562K, committed 123724K, reserved 1157120K
  class space    used 14781K, capacity 15958K, committed 16024K, reserved 1048576K
}
Event: 918.657 GC heap before
{Heap before GC invocations=95 (full 0):
 garbage-first heap   total 227328K, used 178456K [0x0000000080000000, 0x0000000100000000)
  region size 1024K, 31 young (31744K), 2 survivors (2048K)
 Metaspace       used 120934K, capacity 124266K, committed 124620K, reserved 1157120K
  class space    used 14830K, capacity 16022K, committed 16152K, reserved 1048576K
}
Event: 918.663 GC heap after
{Heap after GC invocations=96 (full 0):
 garbage-first heap   total 227328K, used 153214K [0x0000000080000000, 0x0000000100000000)
  region size 1024K, 4 young (4096K), 4 survivors (4096K)
 Metaspace       used 120934K, capacity 124266K, committed 124620K, reserved 1157120K
  class space    used 14830K, capacity 16022K, committed 16152K, reserved 1048576K
}
Event: 920.423 GC heap before
{Heap before GC invocations=96 (full 0):
 garbage-first heap   total 227328K, used 173694K [0x0000000080000000, 0x0000000100000000)
  region size 1024K, 26 young (26624K), 4 survivors (4096K)
 Metaspace       used 121236K, capacity 124586K, committed 124876K, reserved 1159168K
  class space    used 14844K, capacity 16022K, committed 16152K, reserved 1048576K
}
Event: 920.430 GC heap after
{Heap after GC invocations=97 (full 0):
 garbage-first heap   total 227328K, used 152312K [0x0000000080000000, 0x0000000100000000)
  region size 1024K, 2 young (2048K), 2 survivors (2048K)
 Metaspace       used 121236K, capacity 124586K, committed 124876K, reserved 1159168K
  class space    used 14844K, capacity 16022K, committed 16152K, reserved 1048576K
}
Event: 921.059 GC heap before
{Heap before GC invocations=98 (full 0):
 garbage-first heap   total 227328K, used 184056K [0x0000000080000000, 0x0000000100000000)
  region size 1024K, 32 young (32768K), 2 survivors (2048K)
 Metaspace       used 121236K, capacity 124586K, committed 124876K, reserved 1159168K
  class space    used 14844K, capacity 16022K, committed 16152K, reserved 1048576K
}
Event: 921.063 GC heap after
{Heap after GC invocations=99 (full 0):
 garbage-first heap   total 227328K, used 154104K [0x0000000080000000, 0x0000000100000000)
  region size 1024K, 1 young (1024K), 1 survivors (1024K)
 Metaspace       used 121236K, capacity 124586K, committed 124876K, reserved 1159168K
  class space    used 14844K, capacity 16022K, committed 16152K, reserved 1048576K
}
Event: 921.119 GC heap before
{Heap before GC invocations=99 (full 0):
 garbage-first heap   total 227328K, used 163320K [0x0000000080000000, 0x0000000100000000)
  region size 1024K, 11 young (11264K), 1 survivors (1024K)
 Metaspace       used 121236K, capacity 124586K, committed 124876K, reserved 1159168K
  class space    used 14844K, capacity 16022K, committed 16152K, reserved 1048576K
}
Event: 921.126 GC heap after
{Heap after GC invocations=100 (full 0):
 garbage-first heap   total 227328K, used 135160K [0x0000000080000000, 0x0000000100000000)
  region size 1024K, 2 young (2048K), 2 survivors (2048K)
 Metaspace       used 121236K, capacity 124586K, committed 124876K, reserved 1159168K
  class space    used 14844K, capacity 16022K, committed 16152K, reserved 1048576K
}
Event: 921.320 GC heap before
{Heap before GC invocations=100 (full 0):
 garbage-first heap   total 227328K, used 176120K [0x0000000080000000, 0x0000000100000000)
  region size 1024K, 42 young (43008K), 2 survivors (2048K)
 Metaspace       used 121236K, capacity 124586K, committed 124876K, reserved 1159168K
  class space    used 14844K, capacity 16022K, committed 16152K, reserved 1048576K
}
Event: 921.324 GC heap after
{Heap after GC invocations=101 (full 0):
 garbage-first heap   total 227328K, used 135741K [0x0000000080000000, 0x0000000100000000)
  region size 1024K, 2 young (2048K), 2 survivors (2048K)
 Metaspace       used 121236K, capacity 124586K, committed 124876K, reserved 1159168K
  class space    used 14844K, capacity 16022K, committed 16152K, reserved 1048576K
}
Event: 921.573 GC heap before
{Heap before GC invocations=101 (full 0):
 garbage-first heap   total 227328K, used 179773K [0x0000000080000000, 0x0000000100000000)
  region size 1024K, 45 young (46080K), 2 survivors (2048K)
 Metaspace       used 121236K, capacity 124586K, committed 124876K, reserved 1159168K
  class space    used 14844K, capacity 16022K, committed 16152K, reserved 1048576K
}
Event: 921.576 GC heap after
{Heap after GC invocations=102 (full 0):
 garbage-first heap   total 227328K, used 136472K [0x0000000080000000, 0x0000000100000000)
  region size 1024K, 3 young (3072K), 3 survivors (3072K)
 Metaspace       used 121236K, capacity 124586K, committed 124876K, reserved 1159168K
  class space    used 14844K, capacity 16022K, committed 16152K, reserved 1048576K
}
Event: 922.717 GC heap before
{Heap before GC invocations=102 (full 0):
 garbage-first heap   total 227328K, used 156952K [0x0000000080000000, 0x0000000100000000)
  region size 1024K, 24 young (24576K), 3 survivors (3072K)
 Metaspace       used 121236K, capacity 124586K, committed 124876K, reserved 1159168K
  class space    used 14844K, capacity 16022K, committed 16152K, reserved 1048576K
}
Event: 922.722 GC heap after
{Heap after GC invocations=103 (full 0):
 garbage-first heap   total 227328K, used 132472K [0x0000000080000000, 0x0000000100000000)
  region size 1024K, 1 young (1024K), 1 survivors (1024K)
 Metaspace       used 121236K, capacity 124586K, committed 124876K, reserved 1159168K
  class space    used 14844K, capacity 16022K, committed 16152K, reserved 1048576K
}
Event: 925.868 GC heap before
{Heap before GC invocations=104 (full 0):
 garbage-first heap   total 227328K, used 183672K [0x0000000080000000, 0x0000000100000000)
  region size 1024K, 50 young (51200K), 1 survivors (1024K)
 Metaspace       used 123914K, capacity 127238K, committed 127564K, reserved 1161216K
  class space    used 15191K, capacity 16392K, committed 16536K, reserved 1048576K
}
Event: 925.871 GC heap after
{Heap after GC invocations=105 (full 0):
 garbage-first heap   total 227328K, used 133205K [0x0000000080000000, 0x0000000100000000)
  region size 1024K, 2 young (2048K), 2 survivors (2048K)
 Metaspace       used 123914K, capacity 127238K, committed 127564K, reserved 1161216K
  class space    used 15191K, capacity 16392K, committed 16536K, reserved 1048576K
}
Event: 926.191 GC heap before
{Heap before GC invocations=105 (full 0):
 garbage-first heap   total 227328K, used 142421K [0x0000000080000000, 0x0000000100000000)
  region size 1024K, 11 young (11264K), 2 survivors (2048K)
 Metaspace       used 124646K, capacity 127974K, committed 128076K, reserved 1161216K
  class space    used 15284K, capacity 16488K, committed 16536K, reserved 1048576K
}
Event: 926.194 GC heap after
{Heap after GC invocations=106 (full 0):
 garbage-first heap   total 227328K, used 132620K [0x0000000080000000, 0x0000000100000000)
  region size 1024K, 2 young (2048K), 2 survivors (2048K)
 Metaspace       used 124646K, capacity 127974K, committed 128076K, reserved 1161216K
  class space    used 15284K, capacity 16488K, committed 16536K, reserved 1048576K
}

