# JRE version: OpenJDK Runtime Environment (11.0.12+7) (build 11.0.12+7-b1504.28-7817840)
# Java VM: OpenJDK 64-Bit Server VM (11.0.12+7-b1504.28-7817840, mixed mode, tiered, compressed oops, g1 gc, windows-amd64)
Heap:
 garbage-first heap   total 329728K, used 142203K [0x0000000080000000, 0x0000000100000000)
  region size 1024K, 6 young (6144K), 6 survivors (6144K)
 Metaspace       used 97422K, capacity 100074K, committed 100396K, reserved 1136640K
  class space    used 12899K, capacity 13901K, committed 13952K, reserved 1048576K
GC Heap History (20 events):
Event: 8.470 GC heap after
{Heap after GC invocations=19 (full 0):
 garbage-first heap   total 157696K, used 60242K [0x0000000080000000, 0x0000000100000000)
  region size 1024K, 7 young (7168K), 7 survivors (7168K)
 Metaspace       used 75547K, capacity 77308K, committed 77356K, reserved 1116160K
  class space    used 9945K, capacity 10611K, committed 10624K, reserved 1048576K
}
Event: 9.113 GC heap before
{Heap before GC invocations=19 (full 0):
 garbage-first heap   total 157696K, used 113490K [0x0000000080000000, 0x0000000100000000)
  region size 1024K, 59 young (60416K), 7 survivors (7168K)
 Metaspace       used 80651K, capacity 82735K, committed 82860K, reserved 1120256K
  class space    used 10681K, capacity 11453K, committed 11520K, reserved 1048576K
}
Event: 9.123 GC heap after
{Heap after GC invocations=20 (full 0):
 garbage-first heap   total 189440K, used 63979K [0x0000000080000000, 0x0000000100000000)
  region size 1024K, 7 young (7168K), 7 survivors (7168K)
 Metaspace       used 80651K, capacity 82735K, committed 82860K, reserved 1120256K
  class space    used 10681K, capacity 11453K, committed 11520K, reserved 1048576K
}
Event: 9.930 GC heap before
{Heap before GC invocations=20 (full 0):
 garbage-first heap   total 189440K, used 130539K [0x0000000080000000, 0x0000000100000000)
  region size 1024K, 73 young (74752K), 7 survivors (7168K)
 Metaspace       used 81715K, capacity 83954K, committed 84012K, reserved 1122304K
  class space    used 10793K, capacity 11645K, committed 11648K, reserved 1048576K
}
Event: 9.939 GC heap after
{Heap after GC invocations=21 (full 0):
 garbage-first heap   total 189440K, used 68885K [0x0000000080000000, 0x0000000100000000)
  region size 1024K, 9 young (9216K), 9 survivors (9216K)
 Metaspace       used 81715K, capacity 83954K, committed 84012K, reserved 1122304K
  class space    used 10793K, capacity 11645K, committed 11648K, reserved 1048576K
}
Event: 10.316 GC heap before
{Heap before GC invocations=21 (full 0):
 garbage-first heap   total 189440K, used 135445K [0x0000000080000000, 0x0000000100000000)
  region size 1024K, 75 young (76800K), 9 survivors (9216K)
 Metaspace       used 83972K, capacity 86236K, committed 86316K, reserved 1124352K
  class space    used 11007K, capacity 11843K, committed 11904K, reserved 1048576K
}
Event: 10.328 GC heap after
{Heap after GC invocations=22 (full 0):
 garbage-first heap   total 189440K, used 72901K [0x0000000080000000, 0x0000000100000000)
  region size 1024K, 5 young (5120K), 5 survivors (5120K)
 Metaspace       used 83972K, capacity 86236K, committed 86316K, reserved 1124352K
  class space    used 11007K, capacity 11843K, committed 11904K, reserved 1048576K
}
Event: 10.467 GC heap before
{Heap before GC invocations=22 (full 0):
 garbage-first heap   total 189440K, used 139461K [0x0000000080000000, 0x0000000100000000)
  region size 1024K, 71 young (72704K), 5 survivors (5120K)
 Metaspace       used 86551K, capacity 88932K, committed 89004K, reserved 1126400K
  class space    used 11359K, capacity 12229K, committed 12288K, reserved 1048576K
}
Event: 10.474 GC heap after
{Heap after GC invocations=23 (full 0):
 garbage-first heap   total 189440K, used 85873K [0x0000000080000000, 0x0000000100000000)
  region size 1024K, 9 young (9216K), 9 survivors (9216K)
 Metaspace       used 86551K, capacity 88932K, committed 89004K, reserved 1126400K
  class space    used 11359K, capacity 12229K, committed 12288K, reserved 1048576K
}
Event: 10.739 GC heap before
{Heap before GC invocations=23 (full 0):
 garbage-first heap   total 189440K, used 143217K [0x0000000080000000, 0x0000000100000000)
  region size 1024K, 66 young (67584K), 9 survivors (9216K)
 Metaspace       used 91067K, capacity 93563K, committed 93740K, reserved 1130496K
  class space    used 11959K, capacity 12892K, committed 12928K, reserved 1048576K
}
Event: 10.748 GC heap after
{Heap after GC invocations=24 (full 0):
 garbage-first heap   total 189440K, used 91513K [0x0000000080000000, 0x0000000100000000)
  region size 1024K, 9 young (9216K), 9 survivors (9216K)
 Metaspace       used 91067K, capacity 93563K, committed 93740K, reserved 1130496K
  class space    used 11959K, capacity 12892K, committed 12928K, reserved 1048576K
}
Event: 10.916 GC heap before
{Heap before GC invocations=24 (full 0):
 garbage-first heap   total 189440K, used 145785K [0x0000000080000000, 0x0000000100000000)
  region size 1024K, 63 young (64512K), 9 survivors (9216K)
 Metaspace       used 92864K, capacity 95436K, committed 95532K, reserved 1132544K
  class space    used 12201K, capacity 13130K, committed 13184K, reserved 1048576K
}
Event: 10.932 GC heap after
{Heap after GC invocations=25 (full 0):
 garbage-first heap   total 227328K, used 100921K [0x0000000080000000, 0x0000000100000000)
  region size 1024K, 8 young (8192K), 8 survivors (8192K)
 Metaspace       used 92864K, capacity 95436K, committed 95532K, reserved 1132544K
  class space    used 12201K, capacity 13130K, committed 13184K, reserved 1048576K
}
Event: 11.121 GC heap before
{Heap before GC invocations=25 (full 0):
 garbage-first heap   total 227328K, used 169529K [0x0000000080000000, 0x0000000100000000)
  region size 1024K, 76 young (77824K), 8 survivors (8192K)
 Metaspace       used 94196K, capacity 96856K, committed 97068K, reserved 1132544K
  class space    used 12369K, capacity 13347K, committed 13440K, reserved 1048576K
}
Event: 11.142 GC heap after
{Heap after GC invocations=26 (full 0):
 garbage-first heap   total 227328K, used 113631K [0x0000000080000000, 0x0000000100000000)
  region size 1024K, 10 young (10240K), 10 survivors (10240K)
 Metaspace       used 94196K, capacity 96856K, committed 97068K, reserved 1132544K
  class space    used 12369K, capacity 13347K, committed 13440K, reserved 1048576K
}
Event: 11.297 GC heap before
{Heap before GC invocations=26 (full 0):
 garbage-first heap   total 227328K, used 176095K [0x0000000080000000, 0x0000000100000000)
  region size 1024K, 71 young (72704K), 10 survivors (10240K)
 Metaspace       used 94831K, capacity 97533K, committed 97708K, reserved 1134592K
  class space    used 12486K, capacity 13483K, committed 13568K, reserved 1048576K
}
Event: 11.319 GC heap after
{Heap after GC invocations=27 (full 0):
 garbage-first heap   total 227328K, used 125164K [0x0000000080000000, 0x0000000100000000)
  region size 1024K, 9 young (9216K), 9 survivors (9216K)
 Metaspace       used 94831K, capacity 97533K, committed 97708K, reserved 1134592K
  class space    used 12486K, capacity 13483K, committed 13568K, reserved 1048576K
}
Event: 11.433 GC heap before
{Heap before GC invocations=27 (full 0):
 garbage-first heap   total 227328K, used 179436K [0x0000000080000000, 0x0000000100000000)
  region size 1024K, 62 young (63488K), 9 survivors (9216K)
 Metaspace       used 95272K, capacity 97994K, committed 98220K, reserved 1134592K
  class space    used 12555K, capacity 13557K, committed 13568K, reserved 1048576K
}
Event: 11.452 GC heap after
{Heap after GC invocations=28 (full 0):
 garbage-first heap   total 227328K, used 135718K [0x0000000080000000, 0x0000000100000000)
  region size 1024K, 8 young (8192K), 8 survivors (8192K)
 Metaspace       used 95272K, capacity 97994K, committed 98220K, reserved 1134592K
  class space    used 12555K, capacity 13557K, committed 13568K, reserved 1048576K
}
Event: 12.149 GC heap before
{Heap before GC invocations=29 (full 0):
 garbage-first heap   total 227328K, used 181798K [0x0000000080000000, 0x0000000100000000)
  region size 1024K, 54 young (55296K), 8 survivors (8192K)
 Metaspace       used 97422K, capacity 100074K, committed 100396K, reserved 1136640K
  class space    used 12899K, capacity 13901K, committed 13952K, reserved 1048576K
}

