# JRE version: OpenJDK Runtime Environment (11.0.12+7) (build 11.0.12+7-b1504.28-7817840)
# Java VM: OpenJDK 64-Bit Server VM (11.0.12+7-b1504.28-7817840, mixed mode, tiered, compressed oops, g1 gc, windows-amd64)
Heap:
 garbage-first heap   total 131072K, used 88939K [0x0000000080000000, 0x0000000100000000)
  region size 1024K, 15 young (15360K), 2 survivors (2048K)
 Metaspace       used 67724K, capacity 69540K, committed 69836K, reserved 1110016K
  class space    used 8681K, capacity 9293K, committed 9420K, reserved 1048576K
GC Heap History (20 events):
Event: 10.972 GC heap before
{Heap before GC invocations=7 (full 0):
 garbage-first heap   total 131072K, used 58790K [0x0000000080000000, 0x0000000100000000)
  region size 1024K, 33 young (33792K), 8 survivors (8192K)
 Metaspace       used 34855K, capacity 35784K, committed 35840K, reserved 1081344K
  class space    used 4646K, capacity 4988K, committed 4992K, reserved 1048576K
}
Event: 10.985 GC heap after
{Heap after GC invocations=8 (full 0):
 garbage-first heap   total 131072K, used 35833K [0x0000000080000000, 0x0000000100000000)
  region size 1024K, 2 young (2048K), 2 survivors (2048K)
 Metaspace       used 34855K, capacity 35784K, committed 35840K, reserved 1081344K
  class space    used 4646K, capacity 4988K, committed 4992K, reserved 1048576K
}
Event: 12.105 GC heap before
{Heap before GC invocations=9 (full 0):
 garbage-first heap   total 131072K, used 89081K [0x0000000080000000, 0x0000000100000000)
  region size 1024K, 52 young (53248K), 2 survivors (2048K)
 Metaspace       used 41557K, capacity 42546K, committed 42828K, reserved 1087488K
  class space    used 5284K, capacity 5662K, committed 5708K, reserved 1048576K
}
Event: 12.112 GC heap after
{Heap after GC invocations=10 (full 0):
 garbage-first heap   total 131072K, used 40531K [0x0000000080000000, 0x0000000100000000)
  region size 1024K, 7 young (7168K), 7 survivors (7168K)
 Metaspace       used 41557K, capacity 42546K, committed 42828K, reserved 1087488K
  class space    used 5284K, capacity 5662K, committed 5708K, reserved 1048576K
}
Event: 12.923 GC heap before
{Heap before GC invocations=10 (full 0):
 garbage-first heap   total 131072K, used 94803K [0x0000000080000000, 0x0000000100000000)
  region size 1024K, 56 young (57344K), 7 survivors (7168K)
 Metaspace       used 44741K, capacity 45991K, committed 46284K, reserved 1089536K
  class space    used 5765K, capacity 6225K, committed 6348K, reserved 1048576K
}
Event: 12.929 GC heap after
{Heap after GC invocations=11 (full 0):
 garbage-first heap   total 131072K, used 47377K [0x0000000080000000, 0x0000000100000000)
  region size 1024K, 4 young (4096K), 4 survivors (4096K)
 Metaspace       used 44741K, capacity 45991K, committed 46284K, reserved 1089536K
  class space    used 5765K, capacity 6225K, committed 6348K, reserved 1048576K
}
Event: 13.689 GC heap before
{Heap before GC invocations=11 (full 0):
 garbage-first heap   total 131072K, used 95505K [0x0000000080000000, 0x0000000100000000)
  region size 1024K, 51 young (52224K), 4 survivors (4096K)
 Metaspace       used 47517K, capacity 48804K, committed 49100K, reserved 1091584K
  class space    used 6058K, capacity 6523K, committed 6604K, reserved 1048576K
}
Event: 13.694 GC heap after
{Heap after GC invocations=12 (full 0):
 garbage-first heap   total 131072K, used 50622K [0x0000000080000000, 0x0000000100000000)
  region size 1024K, 7 young (7168K), 7 survivors (7168K)
 Metaspace       used 47517K, capacity 48804K, committed 49100K, reserved 1091584K
  class space    used 6058K, capacity 6523K, committed 6604K, reserved 1048576K
}
Event: 14.559 GC heap before
{Heap before GC invocations=12 (full 0):
 garbage-first heap   total 131072K, used 102846K [0x0000000080000000, 0x0000000100000000)
  region size 1024K, 54 young (55296K), 7 survivors (7168K)
 Metaspace       used 50864K, capacity 52354K, committed 52428K, reserved 1095680K
  class space    used 6574K, capacity 7043K, committed 7116K, reserved 1048576K
}
Event: 14.566 GC heap after
{Heap after GC invocations=13 (full 0):
 garbage-first heap   total 131072K, used 57840K [0x0000000080000000, 0x0000000100000000)
  region size 1024K, 7 young (7168K), 7 survivors (7168K)
 Metaspace       used 50864K, capacity 52354K, committed 52428K, reserved 1095680K
  class space    used 6574K, capacity 7043K, committed 7116K, reserved 1048576K
}
Event: 15.902 GC heap before
{Heap before GC invocations=13 (full 0):
 garbage-first heap   total 131072K, used 105968K [0x0000000080000000, 0x0000000100000000)
  region size 1024K, 51 young (52224K), 7 survivors (7168K)
 Metaspace       used 52332K, capacity 53945K, committed 54220K, reserved 1095680K
  class space    used 6749K, capacity 7268K, committed 7372K, reserved 1048576K
}
Event: 15.909 GC heap after
{Heap after GC invocations=14 (full 0):
 garbage-first heap   total 131072K, used 68763K [0x0000000080000000, 0x0000000100000000)
  region size 1024K, 7 young (7168K), 7 survivors (7168K)
 Metaspace       used 52332K, capacity 53945K, committed 54220K, reserved 1095680K
  class space    used 6749K, capacity 7268K, committed 7372K, reserved 1048576K
}
Event: 16.491 GC heap before
{Heap before GC invocations=14 (full 0):
 garbage-first heap   total 131072K, used 103579K [0x0000000080000000, 0x0000000100000000)
  region size 1024K, 41 young (41984K), 7 survivors (7168K)
 Metaspace       used 56992K, capacity 58679K, committed 58956K, reserved 1099776K
  class space    used 7338K, capacity 7929K, committed 8012K, reserved 1048576K
}
Event: 16.498 GC heap after
{Heap after GC invocations=15 (full 0):
 garbage-first heap   total 131072K, used 70605K [0x0000000080000000, 0x0000000100000000)
  region size 1024K, 2 young (2048K), 2 survivors (2048K)
 Metaspace       used 56992K, capacity 58679K, committed 58956K, reserved 1099776K
  class space    used 7338K, capacity 7929K, committed 8012K, reserved 1048576K
}
Event: 17.441 GC heap before
{Heap before GC invocations=16 (full 0):
 garbage-first heap   total 131072K, used 105421K [0x0000000080000000, 0x0000000100000000)
  region size 1024K, 36 young (36864K), 2 survivors (2048K)
 Metaspace       used 61860K, capacity 63554K, committed 63692K, reserved 1103872K
  class space    used 7948K, capacity 8527K, committed 8652K, reserved 1048576K
}
Event: 17.446 GC heap after
{Heap after GC invocations=17 (full 0):
 garbage-first heap   total 131072K, used 72030K [0x0000000080000000, 0x0000000100000000)
  region size 1024K, 3 young (3072K), 3 survivors (3072K)
 Metaspace       used 61860K, capacity 63554K, committed 63692K, reserved 1103872K
  class space    used 7948K, capacity 8527K, committed 8652K, reserved 1048576K
}
Event: 18.110 GC heap before
{Heap before GC invocations=17 (full 0):
 garbage-first heap   total 131072K, used 105822K [0x0000000080000000, 0x0000000100000000)
  region size 1024K, 37 young (37888K), 3 survivors (3072K)
 Metaspace       used 65435K, capacity 67134K, committed 67404K, reserved 1107968K
  class space    used 8357K, capacity 8948K, committed 9036K, reserved 1048576K
}
Event: 18.117 GC heap after
{Heap after GC invocations=18 (full 0):
 garbage-first heap   total 131072K, used 75070K [0x0000000080000000, 0x0000000100000000)
  region size 1024K, 5 young (5120K), 5 survivors (5120K)
 Metaspace       used 65435K, capacity 67134K, committed 67404K, reserved 1107968K
  class space    used 8357K, capacity 8948K, committed 9036K, reserved 1048576K
}
Event: 18.417 GC heap before
{Heap before GC invocations=19 (full 0):
 garbage-first heap   total 131072K, used 95550K [0x0000000080000000, 0x0000000100000000)
  region size 1024K, 26 young (26624K), 5 survivors (5120K)
 Metaspace       used 66939K, capacity 68788K, committed 68940K, reserved 1110016K
  class space    used 8562K, capacity 9156K, committed 9292K, reserved 1048576K
}
Event: 18.425 GC heap after
{Heap after GC invocations=20 (full 0):
 garbage-first heap   total 131072K, used 76651K [0x0000000080000000, 0x0000000100000000)
  region size 1024K, 2 young (2048K), 2 survivors (2048K)
 Metaspace       used 66939K, capacity 68788K, committed 68940K, reserved 1110016K
  class space    used 8562K, capacity 9156K, committed 9292K, reserved 1048576K
}

