# JRE version: OpenJDK Runtime Environment (11.0.12+7) (build 11.0.12+7-b1504.28-7817840)
# Java VM: OpenJDK 64-Bit Server VM (11.0.12+7-b1504.28-7817840, mixed mode, tiered, compressed oops, g1 gc, windows-amd64)
Heap:
 garbage-first heap   total 640000K, used 173559K [0x0000000080000000, 0x0000000100000000)
  region size 1024K, 4 young (4096K), 4 survivors (4096K)
 Metaspace       used 112814K, capacity 116047K, committed 116172K, reserved 1150976K
  class space    used 14303K, capacity 15551K, committed 15640K, reserved 1048576K
GC Heap History (20 events):
Event: 57.146 GC heap after
{Heap after GC invocations=68 (full 0):
 garbage-first heap   total 189440K, used 140152K [0x0000000080000000, 0x0000000100000000)
  region size 1024K, 5 young (5120K), 5 survivors (5120K)
 Metaspace       used 106838K, capacity 109806K, committed 110028K, reserved 1144832K
  class space    used 13462K, capacity 14528K, committed 14616K, reserved 1048576K
}
Event: 57.202 GC heap before
{Heap before GC invocations=68 (full 0):
 garbage-first heap   total 189440K, used 159608K [0x0000000080000000, 0x0000000100000000)
  region size 1024K, 25 young (25600K), 5 survivors (5120K)
 Metaspace       used 107361K, capacity 110254K, committed 110284K, reserved 1144832K
  class space    used 13521K, capacity 14592K, committed 14616K, reserved 1048576K
}
Event: 57.205 GC heap after
{Heap after GC invocations=69 (full 0):
 garbage-first heap   total 189440K, used 142536K [0x0000000080000000, 0x0000000100000000)
  region size 1024K, 4 young (4096K), 4 survivors (4096K)
 Metaspace       used 107361K, capacity 110254K, committed 110284K, reserved 1144832K
  class space    used 13521K, capacity 14592K, committed 14616K, reserved 1048576K
}
Event: 57.376 GC heap before
{Heap before GC invocations=70 (full 0):
 garbage-first heap   total 189440K, used 159944K [0x0000000080000000, 0x0000000100000000)
  region size 1024K, 21 young (21504K), 4 survivors (4096K)
 Metaspace       used 109706K, capacity 112785K, committed 113100K, reserved 1146880K
  class space    used 13871K, capacity 15025K, committed 15128K, reserved 1048576K
}
Event: 57.380 GC heap after
{Heap after GC invocations=71 (full 0):
 garbage-first heap   total 189440K, used 142899K [0x0000000080000000, 0x0000000100000000)
  region size 1024K, 3 young (3072K), 3 survivors (3072K)
 Metaspace       used 109706K, capacity 112785K, committed 113100K, reserved 1146880K
  class space    used 13871K, capacity 15025K, committed 15128K, reserved 1048576K
}
Event: 57.428 GC heap before
{Heap before GC invocations=71 (full 0):
 garbage-first heap   total 189440K, used 158259K [0x0000000080000000, 0x0000000100000000)
  region size 1024K, 19 young (19456K), 3 survivors (3072K)
 Metaspace       used 110141K, capacity 113206K, committed 113356K, reserved 1146880K
  class space    used 13922K, capacity 15058K, committed 15128K, reserved 1048576K
}
Event: 57.437 GC heap after
{Heap after GC invocations=72 (full 0):
 garbage-first heap   total 189440K, used 146134K [0x0000000080000000, 0x0000000100000000)
  region size 1024K, 3 young (3072K), 3 survivors (3072K)
 Metaspace       used 110141K, capacity 113206K, committed 113356K, reserved 1146880K
  class space    used 13922K, capacity 15058K, committed 15128K, reserved 1048576K
}
Event: 57.519 GC heap before
{Heap before GC invocations=72 (full 0):
 garbage-first heap   total 189440K, used 161494K [0x0000000080000000, 0x0000000100000000)
  region size 1024K, 18 young (18432K), 3 survivors (3072K)
 Metaspace       used 110313K, capacity 113384K, committed 113612K, reserved 1148928K
  class space    used 13941K, capacity 15096K, committed 15128K, reserved 1048576K
}
Event: 57.525 GC heap after
{Heap after GC invocations=73 (full 0):
 garbage-first heap   total 189440K, used 149791K [0x0000000080000000, 0x0000000100000000)
  region size 1024K, 3 young (3072K), 3 survivors (3072K)
 Metaspace       used 110313K, capacity 113384K, committed 113612K, reserved 1148928K
  class space    used 13941K, capacity 15096K, committed 15128K, reserved 1048576K
}
Event: 57.574 GC heap before
{Heap before GC invocations=73 (full 0):
 garbage-first heap   total 189440K, used 162079K [0x0000000080000000, 0x0000000100000000)
  region size 1024K, 15 young (15360K), 3 survivors (3072K)
 Metaspace       used 110877K, capacity 113988K, committed 114252K, reserved 1148928K
  class space    used 14032K, capacity 15190K, committed 15256K, reserved 1048576K
}
Event: 57.581 GC heap after
{Heap after GC invocations=74 (full 0):
 garbage-first heap   total 189440K, used 152290K [0x0000000080000000, 0x0000000100000000)
  region size 1024K, 2 young (2048K), 2 survivors (2048K)
 Metaspace       used 110877K, capacity 113988K, committed 114252K, reserved 1148928K
  class space    used 14032K, capacity 15190K, committed 15256K, reserved 1048576K
}
Event: 57.656 GC heap before
{Heap before GC invocations=74 (full 0):
 garbage-first heap   total 189440K, used 163554K [0x0000000080000000, 0x0000000100000000)
  region size 1024K, 13 young (13312K), 2 survivors (2048K)
 Metaspace       used 111016K, capacity 114107K, committed 114252K, reserved 1148928K
  class space    used 14047K, capacity 15208K, committed 15256K, reserved 1048576K
}
Event: 57.851 GC heap after
{Heap after GC invocations=75 (full 0):
 garbage-first heap   total 227328K, used 154624K [0x0000000080000000, 0x0000000100000000)
  region size 1024K, 2 young (2048K), 2 survivors (2048K)
 Metaspace       used 111016K, capacity 114107K, committed 114252K, reserved 1148928K
  class space    used 14047K, capacity 15208K, committed 15256K, reserved 1048576K
}
Event: 57.918 GC heap before
{Heap before GC invocations=76 (full 0):
 garbage-first heap   total 227328K, used 182272K [0x0000000080000000, 0x0000000100000000)
  region size 1024K, 29 young (29696K), 2 survivors (2048K)
 Metaspace       used 111211K, capacity 114303K, committed 114508K, reserved 1148928K
  class space    used 14064K, capacity 15208K, committed 15256K, reserved 1048576K
}
Event: 57.925 GC heap after
{Heap after GC invocations=77 (full 0):
 garbage-first heap   total 227328K, used 160370K [0x0000000080000000, 0x0000000100000000)
  region size 1024K, 4 young (4096K), 4 survivors (4096K)
 Metaspace       used 111211K, capacity 114303K, committed 114508K, reserved 1148928K
  class space    used 14064K, capacity 15208K, committed 15256K, reserved 1048576K
}
Event: 57.975 GC heap before
{Heap before GC invocations=77 (full 0):
 garbage-first heap   total 227328K, used 185970K [0x0000000080000000, 0x0000000100000000)
  region size 1024K, 29 young (29696K), 4 survivors (4096K)
 Metaspace       used 111323K, capacity 114404K, committed 114636K, reserved 1148928K
  class space    used 14072K, capacity 15240K, committed 15384K, reserved 1048576K
}
Event: 57.983 GC heap after
{Heap after GC invocations=78 (full 0):
 garbage-first heap   total 227328K, used 165333K [0x0000000080000000, 0x0000000100000000)
  region size 1024K, 4 young (4096K), 4 survivors (4096K)
 Metaspace       used 111323K, capacity 114404K, committed 114636K, reserved 1148928K
  class space    used 14072K, capacity 15240K, committed 15384K, reserved 1048576K
}
Event: 58.041 GC heap before
{Heap before GC invocations=78 (full 0):
 garbage-first heap   total 227328K, used 188885K [0x0000000080000000, 0x0000000100000000)
  region size 1024K, 27 young (27648K), 4 survivors (4096K)
 Metaspace       used 111345K, capacity 114472K, committed 114636K, reserved 1148928K
  class space    used 14073K, capacity 15240K, committed 15384K, reserved 1048576K
}
Event: 58.047 GC heap after
{Heap after GC invocations=79 (full 0):
 garbage-first heap   total 227328K, used 169893K [0x0000000080000000, 0x0000000100000000)
  region size 1024K, 4 young (4096K), 4 survivors (4096K)
 Metaspace       used 111345K, capacity 114472K, committed 114636K, reserved 1148928K
  class space    used 14073K, capacity 15240K, committed 15384K, reserved 1048576K
}
Event: 58.969 GC heap before
{Heap before GC invocations=80 (full 0):
 garbage-first heap   total 227328K, used 191397K [0x0000000080000000, 0x0000000100000000)
  region size 1024K, 25 young (25600K), 4 survivors (4096K)
 Metaspace       used 112814K, capacity 116047K, committed 116172K, reserved 1150976K
  class space    used 14303K, capacity 15551K, committed 15640K, reserved 1048576K
}

