# JRE version: OpenJDK Runtime Environment (11.0.12+7) (build 11.0.12+7-b1504.28-7817840)
# Java VM: OpenJDK 64-Bit Server VM (11.0.12+7-b1504.28-7817840, mixed mode, tiered, compressed oops, g1 gc, windows-amd64)
Heap:
 garbage-first heap   total 328704K, used 148537K [0x0000000080000000, 0x0000000100000000)
  region size 1024K, 3 young (3072K), 3 survivors (3072K)
 Metaspace       used 100504K, capacity 103193K, committed 103672K, reserved 1138688K
  class space    used 13153K, capacity 14185K, committed 14412K, reserved 1048576K
GC Heap History (20 events):
Event: 11.060 GC heap after
{Heap after GC invocations=23 (full 0):
 garbage-first heap   total 227328K, used 128696K [0x0000000080000000, 0x0000000100000000)
  region size 1024K, 9 young (9216K), 9 survivors (9216K)
 Metaspace       used 96219K, capacity 98959K, committed 99192K, reserved 1134592K
  class space    used 12719K, capacity 13743K, committed 13772K, reserved 1048576K
}
Event: 11.219 GC heap before
{Heap before GC invocations=23 (full 0):
 garbage-first heap   total 227328K, used 181944K [0x0000000080000000, 0x0000000100000000)
  region size 1024K, 61 young (62464K), 9 survivors (9216K)
 Metaspace       used 97468K, capacity 100229K, committed 100472K, reserved 1136640K
  class space    used 12913K, capacity 13995K, committed 14028K, reserved 1048576K
}
Event: 11.239 GC heap after
{Heap after GC invocations=24 (full 0):
 garbage-first heap   total 273408K, used 137542K [0x0000000080000000, 0x0000000100000000)
  region size 1024K, 8 young (8192K), 8 survivors (8192K)
 Metaspace       used 97468K, capacity 100229K, committed 100472K, reserved 1136640K
  class space    used 12913K, capacity 13995K, committed 14028K, reserved 1048576K
}
Event: 11.557 GC heap before
{Heap before GC invocations=25 (full 0):
 garbage-first heap   total 273408K, used 208198K [0x0000000080000000, 0x0000000100000000)
  region size 1024K, 77 young (78848K), 8 survivors (8192K)
 Metaspace       used 97880K, capacity 100408K, committed 101112K, reserved 1136640K
  class space    used 12914K, capacity 13882K, committed 14156K, reserved 1048576K
}
Event: 11.573 GC heap after
{Heap after GC invocations=26 (full 0):
 garbage-first heap   total 273408K, used 144180K [0x0000000080000000, 0x0000000100000000)
  region size 1024K, 6 young (6144K), 6 survivors (6144K)
 Metaspace       used 97880K, capacity 100408K, committed 101112K, reserved 1136640K
  class space    used 12914K, capacity 13882K, committed 14156K, reserved 1048576K
}
Event: 11.798 GC heap before
{Heap before GC invocations=26 (full 0):
 garbage-first heap   total 273408K, used 213812K [0x0000000080000000, 0x0000000100000000)
  region size 1024K, 74 young (75776K), 6 survivors (6144K)
 Metaspace       used 98466K, capacity 101035K, committed 101752K, reserved 1136640K
  class space    used 12957K, capacity 13958K, committed 14284K, reserved 1048576K
}
Event: 11.807 GC heap after
{Heap after GC invocations=27 (full 0):
 garbage-first heap   total 273408K, used 146029K [0x0000000080000000, 0x0000000100000000)
  region size 1024K, 2 young (2048K), 2 survivors (2048K)
 Metaspace       used 98466K, capacity 101035K, committed 101752K, reserved 1136640K
  class space    used 12957K, capacity 13958K, committed 14284K, reserved 1048576K
}
Event: 12.266 GC heap before
{Heap before GC invocations=28 (full 0):
 garbage-first heap   total 273408K, used 217709K [0x0000000080000000, 0x0000000100000000)
  region size 1024K, 72 young (73728K), 2 survivors (2048K)
 Metaspace       used 98557K, capacity 101062K, committed 102008K, reserved 1136640K
  class space    used 12928K, capacity 13904K, committed 14284K, reserved 1048576K
}
Event: 12.271 GC heap after
{Heap after GC invocations=29 (full 0):
 garbage-first heap   total 273408K, used 145692K [0x0000000080000000, 0x0000000100000000)
  region size 1024K, 2 young (2048K), 2 survivors (2048K)
 Metaspace       used 98557K, capacity 101062K, committed 102008K, reserved 1136640K
  class space    used 12928K, capacity 13904K, committed 14284K, reserved 1048576K
}
Event: 12.467 GC heap before
{Heap before GC invocations=29 (full 0):
 garbage-first heap   total 273408K, used 219420K [0x0000000080000000, 0x0000000100000000)
  region size 1024K, 74 young (75776K), 2 survivors (2048K)
 Metaspace       used 98711K, capacity 101257K, committed 102264K, reserved 1136640K
  class space    used 12954K, capacity 13927K, committed 14284K, reserved 1048576K
}
Event: 12.471 GC heap after
{Heap after GC invocations=30 (full 0):
 garbage-first heap   total 273408K, used 145741K [0x0000000080000000, 0x0000000100000000)
  region size 1024K, 2 young (2048K), 2 survivors (2048K)
 Metaspace       used 98711K, capacity 101257K, committed 102264K, reserved 1136640K
  class space    used 12954K, capacity 13927K, committed 14284K, reserved 1048576K
}
Event: 12.765 GC heap before
{Heap before GC invocations=30 (full 0):
 garbage-first heap   total 273408K, used 222541K [0x0000000080000000, 0x0000000100000000)
  region size 1024K, 77 young (78848K), 2 survivors (2048K)
 Metaspace       used 99519K, capacity 102111K, committed 102904K, reserved 1138688K
  class space    used 13048K, capacity 14063K, committed 14412K, reserved 1048576K
}
Event: 12.769 GC heap after
{Heap after GC invocations=31 (full 0):
 garbage-first heap   total 273408K, used 146525K [0x0000000080000000, 0x0000000100000000)
  region size 1024K, 3 young (3072K), 3 survivors (3072K)
 Metaspace       used 99519K, capacity 102111K, committed 102904K, reserved 1138688K
  class space    used 13048K, capacity 14063K, committed 14412K, reserved 1048576K
}
Event: 12.931 GC heap before
{Heap before GC invocations=32 (full 0):
 garbage-first heap   total 273408K, used 223325K [0x0000000080000000, 0x0000000100000000)
  region size 1024K, 79 young (80896K), 3 survivors (3072K)
 Metaspace       used 99913K, capacity 102596K, committed 103160K, reserved 1138688K
  class space    used 13097K, capacity 14097K, committed 14412K, reserved 1048576K
}
Event: 12.936 GC heap after
{Heap after GC invocations=33 (full 0):
 garbage-first heap   total 273408K, used 148249K [0x0000000080000000, 0x0000000100000000)
  region size 1024K, 4 young (4096K), 4 survivors (4096K)
 Metaspace       used 99913K, capacity 102596K, committed 103160K, reserved 1138688K
  class space    used 13097K, capacity 14097K, committed 14412K, reserved 1048576K
}
Event: 12.953 GC heap before
{Heap before GC invocations=33 (full 0):
 garbage-first heap   total 273408K, used 156441K [0x0000000080000000, 0x0000000100000000)
  region size 1024K, 13 young (13312K), 4 survivors (4096K)
 Metaspace       used 99926K, capacity 102608K, committed 103160K, reserved 1138688K
  class space    used 13099K, capacity 14101K, committed 14412K, reserved 1048576K
}
Event: 12.959 GC heap after
{Heap after GC invocations=34 (full 0):
 garbage-first heap   total 273408K, used 146962K [0x0000000080000000, 0x0000000100000000)
  region size 1024K, 1 young (1024K), 1 survivors (1024K)
 Metaspace       used 99926K, capacity 102608K, committed 103160K, reserved 1138688K
  class space    used 13099K, capacity 14101K, committed 14412K, reserved 1048576K
}
Event: 13.138 GC heap before
{Heap before GC invocations=34 (full 0):
 garbage-first heap   total 273408K, used 225810K [0x0000000080000000, 0x0000000100000000)
  region size 1024K, 79 young (80896K), 1 survivors (1024K)
 Metaspace       used 100216K, capacity 102920K, committed 103416K, reserved 1138688K
  class space    used 13153K, capacity 14184K, committed 14412K, reserved 1048576K
}
Event: 13.143 GC heap after
{Heap after GC invocations=35 (full 0):
 garbage-first heap   total 273408K, used 147525K [0x0000000080000000, 0x0000000100000000)
  region size 1024K, 2 young (2048K), 2 survivors (2048K)
 Metaspace       used 100216K, capacity 102920K, committed 103416K, reserved 1138688K
  class space    used 13153K, capacity 14184K, committed 14412K, reserved 1048576K
}
Event: 13.405 GC heap before
{Heap before GC invocations=35 (full 0):
 garbage-first heap   total 273408K, used 228421K [0x0000000080000000, 0x0000000100000000)
  region size 1024K, 81 young (82944K), 2 survivors (2048K)
 Metaspace       used 100504K, capacity 103193K, committed 103672K, reserved 1138688K
  class space    used 13153K, capacity 14185K, committed 14412K, reserved 1048576K
}

